<?xml version="1.0" encoding="UTF-8"?>
<coverage generated="1772274685414" clover="3.2.0">
  <project timestamp="1772274685415" name="All files">
    <metrics statements="59" coveredstatements="59" conditionals="40" coveredconditionals="37" methods="13" coveredmethods="13" elements="112" coveredelements="109" complexity="0" loc="59" ncloc="59" packages="1" files="1" classes="1"/>
    <file name="orderService.ts" path="C:\Users\ihorr\qa-mocking-lab10\src\orderService.ts">
      <metrics statements="59" coveredstatements="59" conditionals="40" coveredconditionals="37" methods="13" coveredmethods="13"/>
      <line num="46" count="1" type="stmt"/>
      <line num="48" count="24" type="stmt"/>
      <line num="49" count="24" type="stmt"/>
      <line num="54" count="24" type="stmt"/>
      <line num="57" count="17" type="stmt"/>
      <line num="58" count="17" type="stmt"/>
      <line num="59" count="17" type="stmt"/>
      <line num="62" count="17" type="stmt"/>
      <line num="63" count="17" type="stmt"/>
      <line num="64" count="16" type="stmt"/>
      <line num="65" count="16" type="stmt"/>
      <line num="67" count="16" type="stmt"/>
      <line num="70" count="16" type="stmt"/>
      <line num="73" count="13" type="stmt"/>
      <line num="76" count="13" type="cond" truecount="1" falsecount="0"/>
      <line num="77" count="1" type="cond" truecount="1" falsecount="1"/>
      <line num="81" count="12" type="stmt"/>
      <line num="84" count="13" type="stmt"/>
      <line num="90" count="12" type="stmt"/>
      <line num="96" count="12" type="stmt"/>
      <line num="104" count="24" type="cond" truecount="3" falsecount="0"/>
      <line num="105" count="1" type="stmt"/>
      <line num="107" count="23" type="cond" truecount="3" falsecount="0"/>
      <line num="108" count="1" type="stmt"/>
      <line num="110" count="22" type="stmt"/>
      <line num="111" count="23" type="cond" truecount="3" falsecount="0"/>
      <line num="112" count="22" type="cond" truecount="3" falsecount="0"/>
      <line num="113" count="19" type="cond" truecount="3" falsecount="0"/>
      <line num="114" count="18" type="cond" truecount="0" falsecount="1"/>
      <line num="120" count="17" type="stmt"/>
      <line num="121" count="17" type="stmt"/>
      <line num="122" count="18" type="stmt"/>
      <line num="124" count="17" type="stmt"/>
      <line num="128" count="17" type="cond" truecount="2" falsecount="0"/>
      <line num="129" count="17" type="cond" truecount="1" falsecount="0"/>
      <line num="132" count="6" type="cond" truecount="1" falsecount="0"/>
      <line num="133" count="5" type="cond" truecount="1" falsecount="0"/>
      <line num="134" count="3" type="cond" truecount="1" falsecount="0"/>
      <line num="135" count="2" type="cond" truecount="1" falsecount="0"/>
      <line num="136" count="1" type="stmt"/>
      <line num="141" count="16" type="cond" truecount="2" falsecount="0"/>
      <line num="142" count="16" type="cond" truecount="1" falsecount="0"/>
      <line num="143" count="8" type="stmt"/>
      <line num="147" count="16" type="cond" truecount="0" falsecount="1"/>
      <line num="150" count="16" type="cond" truecount="1" falsecount="0"/>
      <line num="152" count="2" type="stmt"/>
      <line num="155" count="14" type="stmt"/>
      <line num="160" count="16" type="cond" truecount="1" falsecount="0"/>
      <line num="161" count="1" type="stmt"/>
      <line num="163" count="15" type="cond" truecount="1" falsecount="0"/>
      <line num="165" count="1" type="stmt"/>
      <line num="167" count="14" type="cond" truecount="3" falsecount="0"/>
      <line num="169" count="1" type="stmt"/>
      <line num="174" count="12" type="stmt"/>
      <line num="175" count="13" type="stmt"/>
      <line num="176" count="12" type="stmt"/>
      <line num="188" count="12" type="stmt"/>
      <line num="189" count="12" type="cond" truecount="2" falsecount="0"/>
      <line num="194" count="17" type="stmt"/>
    </file>
  </project>
</coverage>
