TN:
SF:src\orderService.ts
FN:47,(anonymous_0)
FN:52,(anonymous_1)
FN:84,(anonymous_2)
FN:103,(anonymous_3)
FN:118,(anonymous_4)
FN:127,(anonymous_5)
FN:139,(anonymous_6)
FN:146,(anonymous_7)
FN:158,(anonymous_8)
FN:173,(anonymous_9)
FN:175,(anonymous_10)
FN:187,(anonymous_11)
FN:192,(anonymous_12)
FNF:13
FNH:13
FNDA:24,(anonymous_0)
FNDA:24,(anonymous_1)
FNDA:13,(anonymous_2)
FNDA:24,(anonymous_3)
FNDA:17,(anonymous_4)
FNDA:17,(anonymous_5)
FNDA:16,(anonymous_6)
FNDA:16,(anonymous_7)
FNDA:16,(anonymous_8)
FNDA:12,(anonymous_9)
FNDA:13,(anonymous_10)
FNDA:12,(anonymous_11)
FNDA:17,(anonymous_12)
DA:46,1
DA:48,24
DA:49,24
DA:54,24
DA:57,17
DA:58,17
DA:59,17
DA:62,17
DA:63,17
DA:64,16
DA:65,16
DA:67,16
DA:70,16
DA:73,13
DA:76,13
DA:77,1
DA:81,12
DA:84,13
DA:90,12
DA:96,12
DA:104,24
DA:105,1
DA:107,23
DA:108,1
DA:110,22
DA:111,23
DA:112,22
DA:113,19
DA:114,18
DA:120,17
DA:121,17
DA:122,18
DA:124,17
DA:128,17
DA:129,17
DA:132,6
DA:133,5
DA:134,3
DA:135,2
DA:136,1
DA:141,16
DA:142,16
DA:143,8
DA:147,16
DA:150,16
DA:152,2
DA:155,14
DA:160,16
DA:161,1
DA:163,15
DA:165,1
DA:167,14
DA:169,1
DA:174,12
DA:175,13
DA:176,12
DA:188,12
DA:189,12
DA:194,17
LF:59
LH:59
BRDA:76,0,0,1
BRDA:77,1,0,1
BRDA:77,1,1,0
BRDA:85,2,0,12
BRDA:85,2,1,7
BRDA:104,3,0,1
BRDA:104,4,0,24
BRDA:104,4,1,24
BRDA:107,5,0,1
BRDA:107,6,0,23
BRDA:107,6,1,23
BRDA:111,7,0,1
BRDA:111,8,0,23
BRDA:111,8,1,22
BRDA:112,9,0,3
BRDA:112,10,0,22
BRDA:112,10,1,21
BRDA:113,11,0,1
BRDA:113,12,0,19
BRDA:113,12,1,19
BRDA:114,13,0,0
BRDA:128,14,0,17
BRDA:128,14,1,11
BRDA:129,15,0,11
BRDA:132,16,0,1
BRDA:133,17,0,2
BRDA:134,18,0,1
BRDA:135,19,0,1
BRDA:141,20,0,14
BRDA:141,20,1,2
BRDA:142,21,0,8
BRDA:147,22,0,0
BRDA:150,23,0,2
BRDA:160,24,0,1
BRDA:163,25,0,1
BRDA:167,26,0,1
BRDA:167,27,0,14
BRDA:167,27,1,1
BRDA:189,28,0,10
BRDA:189,28,1,2
BRF:40
BRH:37
end_of_record
